0 info it worked if it ends with ok
1 verbose cli [ '/Users/joshua/.nvm/versions/node/v6.2.1/bin/node',
1 verbose cli   '/Users/joshua/.nvm/versions/node/v6.2.1/bin/npm',
1 verbose cli   'run',
1 verbose cli   'local' ]
2 info using npm@3.9.3
3 info using node@v6.2.1
4 verbose run-script [ 'prelocal', 'local', 'postlocal' ]
5 info lifecycle node-template@0.0.0~prelocal: node-template@0.0.0
6 silly lifecycle node-template@0.0.0~prelocal: no script for prelocal, continuing
7 info lifecycle node-template@0.0.0~local: node-template@0.0.0
8 verbose lifecycle node-template@0.0.0~local: unsafe-perm in lifecycle true
9 verbose lifecycle node-template@0.0.0~local: PATH: /Users/joshua/.nvm/versions/node/v6.2.1/lib/node_modules/npm/bin/node-gyp-bin:/Users/joshua/code/node-template/node_modules/.bin:/Users/joshua/.nvm/versions/node/v6.2.1/bin:/Users/joshua/android-sdk-macosx/platform-tools:/Users/joshua/code/josh_setup/node_scripts:/Users/joshua/code/josh_setup/scripts:/Users/joshua/google-cloud-sdk/bin:/Users/joshua/.nvm/versions/node/v6.2.1/bin:/Users/joshua/.rbenv/bin:/usr/bin:/bin:/usr/sbin:/sbin:/usr/local/bin:~/bin ~/Library/Python/2.7/bin:/opt/X11/bin:/usr/local/git/bin
10 verbose lifecycle node-template@0.0.0~local: CWD: /Users/joshua/code/node-template
11 silly lifecycle node-template@0.0.0~local: Args: [ '-c', 'open http://localhost:6933 && node app.js 6933' ]
12 silly lifecycle node-template@0.0.0~local: Returned: code: 1  signal: null
13 info lifecycle node-template@0.0.0~local: Failed to exec local script
14 verbose stack Error: node-template@0.0.0 local: `open http://localhost:6933 && node app.js 6933`
14 verbose stack Exit status 1
14 verbose stack     at EventEmitter.<anonymous> (/Users/joshua/.nvm/versions/node/v6.2.1/lib/node_modules/npm/lib/utils/lifecycle.js:245:16)
14 verbose stack     at emitTwo (events.js:106:13)
14 verbose stack     at EventEmitter.emit (events.js:191:7)
14 verbose stack     at ChildProcess.<anonymous> (/Users/joshua/.nvm/versions/node/v6.2.1/lib/node_modules/npm/lib/utils/spawn.js:24:14)
14 verbose stack     at emitTwo (events.js:106:13)
14 verbose stack     at ChildProcess.emit (events.js:191:7)
14 verbose stack     at maybeClose (internal/child_process.js:852:16)
14 verbose stack     at Process.ChildProcess._handle.onexit (internal/child_process.js:215:5)
15 verbose pkgid node-template@0.0.0
16 verbose cwd /Users/joshua/code/node-template
17 error Darwin 14.5.0
18 error argv "/Users/joshua/.nvm/versions/node/v6.2.1/bin/node" "/Users/joshua/.nvm/versions/node/v6.2.1/bin/npm" "run" "local"
19 error node v6.2.1
20 error npm  v3.9.3
21 error code ELIFECYCLE
22 error node-template@0.0.0 local: `open http://localhost:6933 && node app.js 6933`
22 error Exit status 1
23 error Failed at the node-template@0.0.0 local script 'open http://localhost:6933 && node app.js 6933'.
23 error Make sure you have the latest version of node.js and npm installed.
23 error If you do, this is most likely a problem with the node-template package,
23 error not with npm itself.
23 error Tell the author that this fails on your system:
23 error     open http://localhost:6933 && node app.js 6933
23 error You can get information on how to open an issue for this project with:
23 error     npm bugs node-template
23 error Or if that isn't available, you can get their info via:
23 error     npm owner ls node-template
23 error There is likely additional logging output above.
24 verbose exit [ 1, true ]
